Using pre-set license
Built from '2020.3/staging' branch; Version is '2020.3.4f1 (0abb6314276a) revision 703331'; Using compiler version '192528614'; Build Type 'Release'
OS: 'Windows 10 Education; OS build 19042.746; Version 2009; 64bit' Language: 'en' Physical Memory: 8145 MB
BatchMode: 1, IsHumanControllingUs: 0, StartBugReporterOnCrash: 0, Is64bit: 1, IsPro: 0

 COMMAND LINE ARGUMENTS:
C:\Program Files\Unity\Hub\Editor\2020.3.4f1\Editor\Unity.exe
-adb2
-batchMode
-noUpm
-name
AssetImportWorker0
-projectPath
C:/Data/Game Development/VoxelEngine Stand Alone
-logFile
Logs/AssetImportWorker0.log
-srvPort
59618
Successfully changed project path to: C:/Data/Game Development/VoxelEngine Stand Alone
C:/Data/Game Development/VoxelEngine Stand Alone
Using Asset Import Pipeline V2.
Refreshing native plugins compatible for Editor in 82.79 ms, found 0 plugins.
Preloading 0 native plugins for Editor in 0.00 ms.
Initialize engine version: 2020.3.4f1 (0abb6314276a)
[Subsystems] Discovering subsystems at path C:/Program Files/Unity/Hub/Editor/2020.3.4f1/Editor/Data/Resources/UnitySubsystems
[Subsystems] Discovering subsystems at path C:/Data/Game Development/VoxelEngine Stand Alone/Assets
GfxDevice: creating device client; threaded=0
Direct3D:
    Version:  Direct3D 11.0 [level 11.1]
    Renderer: NVIDIA GeForce GTX 1070 (ID=0x1b81)
    Vendor:   
    VRAM:     8088 MB
    Driver:   27.21.14.6647
Initialize mono
Mono path[0] = 'C:/Program Files/Unity/Hub/Editor/2020.3.4f1/Editor/Data/Managed'
Mono path[1] = 'C:/Program Files/Unity/Hub/Editor/2020.3.4f1/Editor/Data/MonoBleedingEdge/lib/mono/unityjit'
Mono config path = 'C:/Program Files/Unity/Hub/Editor/2020.3.4f1/Editor/Data/MonoBleedingEdge/etc'
Using monoOptions --debugger-agent=transport=dt_socket,embedding=1,server=y,suspend=n,address=127.0.0.1:56124
Begin MonoManager ReloadAssembly
Registering precompiled unity dll's ...
Register platform support module: C:/Program Files/Unity/Hub/Editor/2020.3.4f1/Editor/Data/PlaybackEngines/WebGLSupport/UnityEditor.WebGL.Extensions.dll
Register platform support module: C:/Program Files/Unity/Hub/Editor/2020.3.4f1/Editor/Data/PlaybackEngines/WindowsStandaloneSupport/UnityEditor.WindowsStandalone.Extensions.dll
Registered in 0.005405 seconds.
Native extension for WindowsStandalone target not found
Native extension for WebGL target not found
Refreshing native plugins compatible for Editor in 101.79 ms, found 0 plugins.
Preloading 0 native plugins for Editor in 0.00 ms.
Mono: successfully reloaded assembly
- Completed reload, in  4.412 seconds
Platform modules already initialized, skipping
Registering precompiled user dll's ...
Registered in 0.002705 seconds.
Begin MonoManager ReloadAssembly
Native extension for WindowsStandalone target not found
Native extension for WebGL target not found
Refreshing native plugins compatible for Editor in 70.09 ms, found 0 plugins.
Preloading 0 native plugins for Editor in 0.00 ms.
Mono: successfully reloaded assembly
- Completed reload, in  1.515 seconds
Platform modules already initialized, skipping
========================================================================
Worker process is ready to serve import requests
Shader 'Universal Render Pipeline/Particles/Lit': fallback shader 'Universal Render Pipeline/Particles/SimpleLit' not found
Shader 'Universal Render Pipeline/Particles/Lit': fallback shader 'Universal Render Pipeline/Particles/SimpleLit' not found
Launched and connected shader compiler UnityShaderCompiler.exe after 0.07 seconds
Refreshing native plugins compatible for Editor in 0.47 ms, found 0 plugins.
Preloading 0 native plugins for Editor in 0.00 ms.
Unloading 2443 Unused Serialized files (Serialized files now loaded: 0)
System memory in use before: 117.1 MB.
System memory in use after: 114.7 MB.

Unloading 43 unused Assets to reduce memory usage. Loaded Objects now: 2857.
Total: 5.696600 ms (FindLiveObjects: 0.624500 ms CreateObjectMapping: 0.684600 ms MarkObjects: 2.374800 ms  DeleteObjects: 2.011200 ms)

========================================================================
Received Import Request.
  path: Assets/Code Examples
  artifactKey: Guid(471346d6c2cd8f74491b418d8131a02a) Importer(815301076,1909f56bfc062723c751e8b465ee728b)
Start importing Assets/Code Examples using Guid(471346d6c2cd8f74491b418d8131a02a) Importer(815301076,1909f56bfc062723c751e8b465ee728b)  -> (artifact id: '73e90a9e19b5f3c337bf2de7520854c6') in 0.009099 seconds
  Import took 0.014908 seconds .

========================================================================
Received Import Request.
  Time since last request: 21.431999 seconds.
  path: Assets/Code Examples/AStar
  artifactKey: Guid(6505bff2284525b49ab14e780a90e2bb) Importer(815301076,1909f56bfc062723c751e8b465ee728b)
Start importing Assets/Code Examples/AStar using Guid(6505bff2284525b49ab14e780a90e2bb) Importer(815301076,1909f56bfc062723c751e8b465ee728b)  -> (artifact id: 'eb25a2fce0437e8872bff9f422fdbe80') in 0.004328 seconds
  Import took 0.009187 seconds .

========================================================================
Received Import Request.
  Time since last request: 12.591571 seconds.
  path: Assets/Code Examples/AStar/Scripts
  artifactKey: Guid(e60d4aa4ce4ac5146b7d36123fad1e2a) Importer(815301076,1909f56bfc062723c751e8b465ee728b)
Start importing Assets/Code Examples/AStar/Scripts using Guid(e60d4aa4ce4ac5146b7d36123fad1e2a) Importer(815301076,1909f56bfc062723c751e8b465ee728b)  -> (artifact id: '4de22bf06e026ca0640463c799921757') in 0.004791 seconds
  Import took 0.010155 seconds .

========================================================================
Received Import Request.
  Time since last request: 54.472868 seconds.
  path: Assets/Code Examples/AStar/Scripts/AStar.cs
  artifactKey: Guid(d3c6042331d892b478e7b4482b2c6962) Importer(815301076,1909f56bfc062723c751e8b465ee728b)
Start importing Assets/Code Examples/AStar/Scripts/AStar.cs using Guid(d3c6042331d892b478e7b4482b2c6962) Importer(815301076,1909f56bfc062723c751e8b465ee728b)  -> (artifact id: '5c2781cdec51f628b4c554e5e33a887a') in 0.108347 seconds
  Import took 0.113914 seconds .

========================================================================
Received Prepare
Registering precompiled user dll's ...
Registered in 0.002991 seconds.
Begin MonoManager ReloadAssembly
Native extension for WindowsStandalone target not found
Native extension for WebGL target not found
Refreshing native plugins compatible for Editor in 0.47 ms, found 0 plugins.
Preloading 0 native plugins for Editor in 0.00 ms.
Mono: successfully reloaded assembly
- Completed reload, in  1.398 seconds
Platform modules already initialized, skipping
Shader 'Universal Render Pipeline/Particles/Lit': fallback shader 'Universal Render Pipeline/Particles/SimpleLit' not found
Shader 'Universal Render Pipeline/Particles/Lit': fallback shader 'Universal Render Pipeline/Particles/SimpleLit' not found
Refreshing native plugins compatible for Editor in 0.56 ms, found 0 plugins.
Preloading 0 native plugins for Editor in 0.00 ms.
Unloading 2355 Unused Serialized files (Serialized files now loaded: 0)
System memory in use before: 112.2 MB.
System memory in use after: 109.8 MB.

Unloading 38 unused Assets to reduce memory usage. Loaded Objects now: 2861.
Total: 4.462000 ms (FindLiveObjects: 0.299800 ms CreateObjectMapping: 0.128700 ms MarkObjects: 2.286800 ms  DeleteObjects: 1.745100 ms)

========================================================================
Received Import Request.
  Time since last request: 43.292425 seconds.
  path: Assets/Code Examples/AStar/Scripts/PathFinderExample.cs
  artifactKey: Guid(5bfd091bdbc6fd8408ee5c2aedb214e8) Importer(815301076,1909f56bfc062723c751e8b465ee728b)
Start importing Assets/Code Examples/AStar/Scripts/PathFinderExample.cs using Guid(5bfd091bdbc6fd8408ee5c2aedb214e8) Importer(815301076,1909f56bfc062723c751e8b465ee728b)  -> (artifact id: '3b7ac6f1823e3af7f8c659db62457a98') in 0.012492 seconds
  Import took 0.019529 seconds .

========================================================================
Received Prepare
Registering precompiled user dll's ...
Registered in 0.002537 seconds.
Begin MonoManager ReloadAssembly
Native extension for WindowsStandalone target not found
Native extension for WebGL target not found
Refreshing native plugins compatible for Editor in 0.47 ms, found 0 plugins.
Preloading 0 native plugins for Editor in 0.00 ms.
Mono: successfully reloaded assembly
- Completed reload, in  1.892 seconds
Platform modules already initialized, skipping
Shader 'Universal Render Pipeline/Particles/Lit': fallback shader 'Universal Render Pipeline/Particles/SimpleLit' not found
Shader 'Universal Render Pipeline/Particles/Lit': fallback shader 'Universal Render Pipeline/Particles/SimpleLit' not found
Refreshing native plugins compatible for Editor in 0.49 ms, found 0 plugins.
Preloading 0 native plugins for Editor in 0.00 ms.
Unloading 2356 Unused Serialized files (Serialized files now loaded: 0)
System memory in use before: 112.3 MB.
System memory in use after: 109.9 MB.

Unloading 38 unused Assets to reduce memory usage. Loaded Objects now: 2865.
Total: 4.867400 ms (FindLiveObjects: 0.305600 ms CreateObjectMapping: 0.147400 ms MarkObjects: 2.687000 ms  DeleteObjects: 1.724700 ms)

========================================================================
Received Prepare
Registering precompiled user dll's ...
Registered in 0.002725 seconds.
Begin MonoManager ReloadAssembly
Native extension for WindowsStandalone target not found
Native extension for WebGL target not found
Refreshing native plugins compatible for Editor in 0.49 ms, found 0 plugins.
Preloading 0 native plugins for Editor in 0.00 ms.
Mono: successfully reloaded assembly
- Completed reload, in  1.465 seconds
Platform modules already initialized, skipping
Shader 'Universal Render Pipeline/Particles/Lit': fallback shader 'Universal Render Pipeline/Particles/SimpleLit' not found
Shader 'Universal Render Pipeline/Particles/Lit': fallback shader 'Universal Render Pipeline/Particles/SimpleLit' not found
Refreshing native plugins compatible for Editor in 0.65 ms, found 0 plugins.
Preloading 0 native plugins for Editor in 0.00 ms.
Unloading 2355 Unused Serialized files (Serialized files now loaded: 0)
System memory in use before: 112.3 MB.
System memory in use after: 109.9 MB.

Unloading 39 unused Assets to reduce memory usage. Loaded Objects now: 2867.
Total: 6.261700 ms (FindLiveObjects: 0.354300 ms CreateObjectMapping: 0.183600 ms MarkObjects: 3.343700 ms  DeleteObjects: 2.378600 ms)

========================================================================
Received Import Request.
  Time since last request: 265.031274 seconds.
  path: Assets/Resources/Blocks/9 Block_BitStorage.asset
  artifactKey: Guid(3d40cd137cefcc649a6a2dcb3f668a2b) Importer(815301076,1909f56bfc062723c751e8b465ee728b)
Start importing Assets/Resources/Blocks/9 Block_BitStorage.asset using Guid(3d40cd137cefcc649a6a2dcb3f668a2b) Importer(815301076,1909f56bfc062723c751e8b465ee728b)  -> (artifact id: 'e28a08b42ef532321234a5c351157c10') in 0.030113 seconds
  Import took 0.035235 seconds .

========================================================================
Received Import Request.
  Time since last request: 1.435909 seconds.
  path: Assets/Resources/Blocks/8 Block_CraftingStation.asset
  artifactKey: Guid(34eac4b5999edd44092d4e4182a27258) Importer(815301076,1909f56bfc062723c751e8b465ee728b)
Start importing Assets/Resources/Blocks/8 Block_CraftingStation.asset using Guid(34eac4b5999edd44092d4e4182a27258) Importer(815301076,1909f56bfc062723c751e8b465ee728b)  -> (artifact id: '543ef93d92f56fe920c890ac81e74cd0') in 0.006725 seconds
  Import took 0.011671 seconds .

========================================================================
Received Import Request.
  Time since last request: 9.945919 seconds.
  path: Assets/Resources/Blocks/6 Block_Weeds.asset
  artifactKey: Guid(633301a37c27c464f86de38543322ce6) Importer(815301076,1909f56bfc062723c751e8b465ee728b)
Start importing Assets/Resources/Blocks/6 Block_Weeds.asset using Guid(633301a37c27c464f86de38543322ce6) Importer(815301076,1909f56bfc062723c751e8b465ee728b)  -> (artifact id: '0cc46622e402f8a5b36c96e12a408b59') in 0.006702 seconds
  Import took 0.011766 seconds .

========================================================================
Received Prepare
Registering precompiled user dll's ...
Registered in 0.002957 seconds.
Begin MonoManager ReloadAssembly
Native extension for WindowsStandalone target not found
Native extension for WebGL target not found
Refreshing native plugins compatible for Editor in 0.46 ms, found 0 plugins.
Preloading 0 native plugins for Editor in 0.00 ms.
Mono: successfully reloaded assembly
- Completed reload, in  1.386 seconds
Platform modules already initialized, skipping
Shader 'Universal Render Pipeline/Particles/Lit': fallback shader 'Universal Render Pipeline/Particles/SimpleLit' not found
Shader 'Universal Render Pipeline/Particles/Lit': fallback shader 'Universal Render Pipeline/Particles/SimpleLit' not found
Refreshing native plugins compatible for Editor in 0.46 ms, found 0 plugins.
Preloading 0 native plugins for Editor in 0.00 ms.
Unloading 2355 Unused Serialized files (Serialized files now loaded: 0)
System memory in use before: 112.3 MB.
System memory in use after: 110.0 MB.

Unloading 38 unused Assets to reduce memory usage. Loaded Objects now: 2870.
Total: 5.251000 ms (FindLiveObjects: 0.346300 ms CreateObjectMapping: 0.166500 ms MarkObjects: 2.600500 ms  DeleteObjects: 2.135700 ms)

AssetImportWorkerClient::OnTransportError - code=2 error=End of file
