Using pre-set license
Built from '2020.3/staging' branch; Version is '2020.3.4f1 (0abb6314276a) revision 703331'; Using compiler version '192528614'; Build Type 'Release'
OS: 'Windows 10 Education; OS build 19042.746; Version 2009; 64bit' Language: 'en' Physical Memory: 8145 MB
BatchMode: 1, IsHumanControllingUs: 0, StartBugReporterOnCrash: 0, Is64bit: 1, IsPro: 0

 COMMAND LINE ARGUMENTS:
C:\Program Files\Unity\Hub\Editor\2020.3.4f1\Editor\Unity.exe
-adb2
-batchMode
-noUpm
-name
AssetImportWorker0
-projectPath
C:/Data/Game Development/VoxelEngine Stand Alone
-logFile
Logs/AssetImportWorker0.log
-srvPort
50947
Successfully changed project path to: C:/Data/Game Development/VoxelEngine Stand Alone
C:/Data/Game Development/VoxelEngine Stand Alone
Using Asset Import Pipeline V2.
Refreshing native plugins compatible for Editor in 85.17 ms, found 0 plugins.
Preloading 0 native plugins for Editor in 0.00 ms.
Initialize engine version: 2020.3.4f1 (0abb6314276a)
[Subsystems] Discovering subsystems at path C:/Program Files/Unity/Hub/Editor/2020.3.4f1/Editor/Data/Resources/UnitySubsystems
[Subsystems] Discovering subsystems at path C:/Data/Game Development/VoxelEngine Stand Alone/Assets
GfxDevice: creating device client; threaded=0
Direct3D:
    Version:  Direct3D 11.0 [level 11.1]
    Renderer: NVIDIA GeForce GTX 1070 (ID=0x1b81)
    Vendor:   
    VRAM:     8088 MB
    Driver:   27.21.14.6647
Initialize mono
Mono path[0] = 'C:/Program Files/Unity/Hub/Editor/2020.3.4f1/Editor/Data/Managed'
Mono path[1] = 'C:/Program Files/Unity/Hub/Editor/2020.3.4f1/Editor/Data/MonoBleedingEdge/lib/mono/unityjit'
Mono config path = 'C:/Program Files/Unity/Hub/Editor/2020.3.4f1/Editor/Data/MonoBleedingEdge/etc'
Using monoOptions --debugger-agent=transport=dt_socket,embedding=1,server=y,suspend=n,address=127.0.0.1:56280
Begin MonoManager ReloadAssembly
Registering precompiled unity dll's ...
Register platform support module: C:/Program Files/Unity/Hub/Editor/2020.3.4f1/Editor/Data/PlaybackEngines/WebGLSupport/UnityEditor.WebGL.Extensions.dll
Register platform support module: C:/Program Files/Unity/Hub/Editor/2020.3.4f1/Editor/Data/PlaybackEngines/WindowsStandaloneSupport/UnityEditor.WindowsStandalone.Extensions.dll
Registered in 0.010352 seconds.
Native extension for WindowsStandalone target not found
Native extension for WebGL target not found
Refreshing native plugins compatible for Editor in 76.19 ms, found 0 plugins.
Preloading 0 native plugins for Editor in 0.00 ms.
Mono: successfully reloaded assembly
- Completed reload, in  7.669 seconds
Platform modules already initialized, skipping
Registering precompiled user dll's ...
Registered in 0.005883 seconds.
Begin MonoManager ReloadAssembly
Native extension for WindowsStandalone target not found
Native extension for WebGL target not found
Refreshing native plugins compatible for Editor in 112.97 ms, found 0 plugins.
Preloading 0 native plugins for Editor in 0.00 ms.
Mono: successfully reloaded assembly
- Completed reload, in  2.668 seconds
Platform modules already initialized, skipping
========================================================================
Worker process is ready to serve import requests
Shader 'Universal Render Pipeline/Particles/Lit': fallback shader 'Universal Render Pipeline/Particles/SimpleLit' not found
Shader 'Universal Render Pipeline/Particles/Lit': fallback shader 'Universal Render Pipeline/Particles/SimpleLit' not found
Launched and connected shader compiler UnityShaderCompiler.exe after 0.13 seconds
Refreshing native plugins compatible for Editor in 0.80 ms, found 0 plugins.
Preloading 0 native plugins for Editor in 0.00 ms.
Unloading 2443 Unused Serialized files (Serialized files now loaded: 0)
System memory in use before: 117.1 MB.
System memory in use after: 114.7 MB.

Unloading 43 unused Assets to reduce memory usage. Loaded Objects now: 2857.
Total: 6.220600 ms (FindLiveObjects: 0.297800 ms CreateObjectMapping: 0.189200 ms MarkObjects: 3.469000 ms  DeleteObjects: 2.254600 ms)

========================================================================
Received Import Request.
  path: Assets/Modules/VoxelEngine/WorldSettings.asset
  artifactKey: Guid(bc50fea903334e147a6ec75ae66b9963) Importer(815301076,1909f56bfc062723c751e8b465ee728b)
Start importing Assets/Modules/VoxelEngine/WorldSettings.asset using Guid(bc50fea903334e147a6ec75ae66b9963) Importer(815301076,1909f56bfc062723c751e8b465ee728b)  -> (artifact id: '0c73f3f9d919b39c7ca93c8f19b5ff21') in 0.188337 seconds
  Import took 0.199073 seconds .

========================================================================
Received Import Request.
  Time since last request: 57.540967 seconds.
  path: Assets/Modules/VoxelEngine/Scripts/MeshGenerator.cs
  artifactKey: Guid(8373fc9415ffecc4884f58341723af76) Importer(815301076,1909f56bfc062723c751e8b465ee728b)
Start importing Assets/Modules/VoxelEngine/Scripts/MeshGenerator.cs using Guid(8373fc9415ffecc4884f58341723af76) Importer(815301076,1909f56bfc062723c751e8b465ee728b)  -> (artifact id: 'bae7fd27cd9487a9e88320d23a5c6498') in 0.017558 seconds
  Import took 0.025814 seconds .

========================================================================
Received Prepare
Registering precompiled user dll's ...
Registered in 0.005921 seconds.
Begin MonoManager ReloadAssembly
Native extension for WindowsStandalone target not found
Native extension for WebGL target not found
Refreshing native plugins compatible for Editor in 1.22 ms, found 0 plugins.
Preloading 0 native plugins for Editor in 0.00 ms.
Mono: successfully reloaded assembly
- Completed reload, in  1.492 seconds
Platform modules already initialized, skipping
Shader 'Universal Render Pipeline/Particles/Lit': fallback shader 'Universal Render Pipeline/Particles/SimpleLit' not found
Shader 'Universal Render Pipeline/Particles/Lit': fallback shader 'Universal Render Pipeline/Particles/SimpleLit' not found
Refreshing native plugins compatible for Editor in 0.47 ms, found 0 plugins.
Preloading 0 native plugins for Editor in 0.00 ms.
Unloading 2354 Unused Serialized files (Serialized files now loaded: 0)
System memory in use before: 112.2 MB.
System memory in use after: 109.8 MB.

Unloading 38 unused Assets to reduce memory usage. Loaded Objects now: 2860.
Total: 4.394600 ms (FindLiveObjects: 0.274600 ms CreateObjectMapping: 0.130700 ms MarkObjects: 2.084200 ms  DeleteObjects: 1.903600 ms)

========================================================================
Received Import Request.
  Time since last request: 226.886354 seconds.
  path: Assets/Modules/VoxelEngine/Textures
  artifactKey: Guid(c1f9b2b1fa865c7488be0272bc1ff15e) Importer(815301076,1909f56bfc062723c751e8b465ee728b)
Start importing Assets/Modules/VoxelEngine/Textures using Guid(c1f9b2b1fa865c7488be0272bc1ff15e) Importer(815301076,1909f56bfc062723c751e8b465ee728b)  -> (artifact id: 'c27ab20ba0b0579891c2027e871303c5') in 0.009310 seconds
  Import took 0.017925 seconds .

========================================================================
Received Prepare
Registering precompiled user dll's ...
Registered in 0.003443 seconds.
Begin MonoManager ReloadAssembly
Native extension for WindowsStandalone target not found
Native extension for WebGL target not found
Refreshing native plugins compatible for Editor in 0.64 ms, found 0 plugins.
Preloading 0 native plugins for Editor in 0.00 ms.
Mono: successfully reloaded assembly
- Completed reload, in  1.419 seconds
Platform modules already initialized, skipping
Shader 'Universal Render Pipeline/Particles/Lit': fallback shader 'Universal Render Pipeline/Particles/SimpleLit' not found
Shader 'Universal Render Pipeline/Particles/Lit': fallback shader 'Universal Render Pipeline/Particles/SimpleLit' not found
Refreshing native plugins compatible for Editor in 0.49 ms, found 0 plugins.
Preloading 0 native plugins for Editor in 0.00 ms.
Unloading 2354 Unused Serialized files (Serialized files now loaded: 0)
System memory in use before: 112.2 MB.
System memory in use after: 109.9 MB.

Unloading 38 unused Assets to reduce memory usage. Loaded Objects now: 2863.
Total: 4.581900 ms (FindLiveObjects: 0.331100 ms CreateObjectMapping: 0.155900 ms MarkObjects: 2.432900 ms  DeleteObjects: 1.660500 ms)

AssetImportWorkerClient::OnTransportError - code=2 error=End of file
